--
-- Must be run as SYSDBA...
--
declare
  dbid number;
  instance_id number;
  start_id number;
  end_id number;
  username varchar2(255);
  report varchar2(500);
begin
  select max(snap_id)-1,max(snap_id) into start_id,end_id from dba_hist_snapshot;
  select dbid into dbid from v$database;
  select instance_number into instance_id from v$instance;
  dbms_output.enable(1000000);

  dbms_system.get_env('USERNAME', username);
  report := 'C:\Users\' || username || '\Desktop\awr.html';

  
  dbms_output.put_line('report.......: ' || report);
  dbms_output.put_line('dbid.........: ' || dbid);
  dbms_output.put_line('instance_id..: ' || instance_id);
  dbms_output.put_line('start_id.....: ' || start_id);
  dbms_output.put_line('end_id.......: ' || end_id);

  /*
  for rc in (
    select output
	  from table(dbms_workload_repository.awr_report_html(dbid, instance_id, start_id, end_id)))
    loop
    dbms_output.put_line(rc.output);
  end loop;
  */
end;
